1500304372483	geckodriver	INFO	geckodriver 0.18.0
1500304372488	geckodriver	INFO	Listening on 127.0.0.1:61826
1500304373523	geckodriver::marionette	INFO	Starting browser /Applications/Firefox.app/Contents/MacOS/firefox-bin with args ["-marionette"]
1500304376275	Marionette	INFO	Listening on port 61835
1500304376379	Marionette	WARN	TLS certificate errors will be ignored for this session
1500304376682	Marionette	DEBUG	loaded listener.js
1500304376755	Marionette	DEBUG	Received DOM event "beforeunload" for "about:blank"
2017-07-17 18:12:56.796 plugin-container[55318:1292811] *** CFMessagePort: bootstrap_register(): failed 1100 (0x44c) 'Permission denied', port = 0x913b, name = 'com.apple.tsm.portname'
See /usr/include/servers/bootstrap_defs.h for the error codes.
2017-07-17 18:12:56.801 plugin-container[55318:1292811] *** CFMessagePort: bootstrap_register(): failed 1100 (0x44c) 'Permission denied', port = 0x9403, name = 'com.apple.CFPasteboardClient'
See /usr/include/servers/bootstrap_defs.h for the error codes.
1500304377375	Marionette	DEBUG	Received DOM event "pagehide" for "about:blank"
1500304377376	Marionette	DEBUG	Received DOM event "unload" for "about:blank"
1500304378270	Marionette	DEBUG	Received DOM event "DOMContentLoaded" for "https://tst.bahsegel.info/tr"
1500304379663	Marionette	DEBUG	Received DOM event "DOMContentLoaded" for "https://tst.bahsegel.info/tr"
1500304379678	Marionette	DEBUG	Received DOM event "pageshow" for "https://tst.bahsegel.info/tr"
1500304380051	Marionette	DEBUG	Received DOM event "DOMContentLoaded" for "https://sporttest9.digitain.com/SportsBook/Home?token=null&sportPartner=586257cf-a35e-428e-906e-b19651fdb09e&l=tr&d=d&tz=3"
1500304380136	Marionette	DEBUG	Received observer notification "outer-window-destroyed" for "2147483659"
1500304380165	Marionette	DEBUG	Received DOM event "DOMContentLoaded" for "https://sporttest9.digitain.com/SportsBook/Home?token=null&sportPartner=586257cf-a35e-428e-906e-b19651fdb09e&l=tr&d=d&tz=3"
1500304380172	Marionette	DEBUG	Received DOM event "pageshow" for "https://sporttest9.digitain.com/SportsBook/Home?token=null&sportPartner=586257cf-a35e-428e-906e-b19651fdb09e&l=tr&d=d&tz=3"
1500304380178	Marionette	DEBUG	Received DOM event "pageshow" for "https://sporttest9.digitain.com/SportsBook/Home?token=null&sportPartner=586257cf-a35e-428e-906e-b19651fdb09e&l=tr&d=d&tz=3"
1500304380327	Marionette	DEBUG	Received DOM event "DOMContentLoaded" for "https://secure.livechatinc.com/licence/8252841/open_chat.cgi?groups=0&embedded=1&newWebserv=undefined&__lc_vv=2&session_id=S1500304379.39b9377422&server=secure.livechatinc.com#https://tst.bahsegel.info/tr"
1500304380329	Marionette	DEBUG	Received DOM event "pageshow" for "https://secure.livechatinc.com/licence/8252841/open_chat.cgi?groups=0&embedded=1&newWebserv=undefined&__lc_vv=2&session_id=S1500304379.39b9377422&server=secure.livechatinc.com#https://tst.bahsegel.info/tr"
1500304380332	Marionette	DEBUG	Received DOM event "pageshow" for "https://tst.bahsegel.info/tr"
1500304380517	Marionette	DEBUG	Received DOM event "beforeunload" for "https://tst.bahsegel.info/tr"
1500304380869	Marionette	DEBUG	Received DOM event "pagehide" for "https://tst.bahsegel.info/tr"
1500304380870	Marionette	DEBUG	Received DOM event "unload" for "https://tst.bahsegel.info/tr"
1500304381094	Marionette	DEBUG	Received DOM event "DOMContentLoaded" for "https://tst.bahsegel.info/tr/login"
1500304381102	Marionette	DEBUG	Received observer notification "outer-window-destroyed" for "2147483660"
1500304381105	Marionette	DEBUG	Received observer notification "outer-window-destroyed" for "2147483653"
1500304381133	Marionette	DEBUG	Received observer notification "outer-window-destroyed" for "2147483655"
1500304381136	Marionette	DEBUG	Received observer notification "outer-window-destroyed" for "2147483657"
1500304381483	Marionette	DEBUG	Received DOM event "DOMContentLoaded" for "https://tst.bahsegel.info/tr/login"
1500304381491	Marionette	DEBUG	Received DOM event "pageshow" for "https://tst.bahsegel.info/tr/login"
1500304381818	Marionette	DEBUG	Received DOM event "DOMContentLoaded" for "https://secure.livechatinc.com/licence/8252841/open_chat.cgi?groups=0&embedded=1&newWebserv=undefined&__lc_vv=2&session_id=S1500304379.39b9377422&server=secure.livechatinc.com#https://tst.bahsegel.info/tr/login"
1500304381822	Marionette	DEBUG	Received DOM event "pageshow" for "https://secure.livechatinc.com/licence/8252841/open_chat.cgi?groups=0&embedded=1&newWebserv=undefined&__lc_vv=2&session_id=S1500304379.39b9377422&server=secure.livechatinc.com#https://tst.bahsegel.info/tr/login"
1500304382524	Marionette	DEBUG	Received DOM event "pageshow" for "https://tst.bahsegel.info/tr/login"
1500304383143	Marionette	DEBUG	Canceled page load listener because no navigation has been detected
